<?xml version="1.0" encoding="UTF-8"?>
<!-- Generated by org.testng.reporters.JUnitReportReporter -->
<testsuite skipped="0" hostname="DESKTOP-6256F7F" name="com.crm.qa.testcases.HomePageTest" tests="2" failures="0" timestamp="14 Aug 2018 21:03:36 GMT" time="29.285" errors="0">
  <testcase name="verifyHomePageTitleTest" time="13.577" classname="com.crm.qa.testcases.HomePageTest"/>
  <testcase name="clickContactsTab" time="15.708" classname="com.crm.qa.testcases.HomePageTest"/>
</testsuite> <!-- com.crm.qa.testcases.HomePageTest -->
