<?xml version="1.0" encoding="UTF-8"?>
<!-- Generated by org.testng.reporters.JUnitReportReporter -->
<testsuite skipped="0" hostname="DESKTOP-6256F7F" name="com.crm.qa.testpages.LoginPageTest" tests="3" failures="0" timestamp="07 Aug 2018 20:04:29 GMT" time="33.461" errors="0">
  <testcase name="verifyLoginPageTitleTest" time="8.082" classname="com.crm.qa.testpages.LoginPageTest"/>
  <testcase name="crmLogoTest" time="8.341" classname="com.crm.qa.testpages.LoginPageTest"/>
  <testcase name="loginTest" time="17.038" classname="com.crm.qa.testpages.LoginPageTest"/>
</testsuite> <!-- com.crm.qa.testpages.LoginPageTest -->
