<?xml version="1.0" encoding="UTF-8"?>
<!-- Generated by org.testng.reporters.JUnitReportReporter -->
<testsuite skipped="0" hostname="DESKTOP-6256F7F" name="com.crm.qa.testpages.HomePageTest" tests="2" failures="0" timestamp="08 Aug 2018 20:14:04 GMT" time="28.876" errors="0">
  <testcase name="verifyHomePageTitleTest" time="13.153" classname="com.crm.qa.testpages.HomePageTest"/>
  <testcase name="clickContactsTab" time="15.723" classname="com.crm.qa.testpages.HomePageTest"/>
</testsuite> <!-- com.crm.qa.testpages.HomePageTest -->
